<?xml version="1.0" encoding="UTF-8"?>
<testng-results skipped="0" failed="0" ignored="0" total="1" passed="1">
  <reporter-output>
  </reporter-output>
  <suite name="Suite" duration-ms="21824" started-at="2022-01-21T12:26:14 IST" finished-at="2022-01-21T12:26:36 IST">
    <groups>
    </groups>
    <test name="login" duration-ms="21824" started-at="2022-01-21T12:26:14 IST" finished-at="2022-01-21T12:26:36 IST">
      <class name="tests.login">
        <test-method status="PASS" signature="login()[pri:0, instance:tests.login@1f28c152]" name="login" duration-ms="21783" started-at="2022-01-21T12:26:14 IST" finished-at="2022-01-21T12:26:36 IST">
          <reporter-output>
          </reporter-output>
        </test-method> <!-- login -->
      </class> <!-- tests.login -->
    </test> <!-- login -->
  </suite> <!-- Suite -->
</testng-results>
