<?xml version="1.0" encoding="UTF-8"?>
<testng-results skipped="0" failed="0" ignored="0" total="1" passed="1">
  <reporter-output>
  </reporter-output>
  <suite name="Suite" duration-ms="21978" started-at="2022-01-21T12:25:00 IST" finished-at="2022-01-21T12:25:22 IST">
    <groups>
    </groups>
    <test name="login" duration-ms="21978" started-at="2022-01-21T12:25:00 IST" finished-at="2022-01-21T12:25:22 IST">
      <class name="tests.login">
        <test-method status="PASS" signature="login()[pri:0, instance:tests.login@57e1b0c]" name="login" duration-ms="21933" started-at="2022-01-21T12:25:00 IST" finished-at="2022-01-21T12:25:22 IST">
          <reporter-output>
          </reporter-output>
        </test-method> <!-- login -->
      </class> <!-- tests.login -->
    </test> <!-- login -->
  </suite> <!-- Suite -->
</testng-results>
